[11:57:34.162] [INFO] storybook v10.3.5
[11:57:34.482] [DEBUG] Getting package.json info for /Users/chris/Documents/src/synergy/packages/docs/package.json...
[11:57:34.847] [DEBUG] Serving static files from [36mnode_modules/.pnpm/@chromatic-com+storybook@5.1.2_storybook@10.3.5_@testing-library+dom@10.4.0_prettier@3._0b654cc11534e3d003897d6a8d5d7d9a/node_modules/@chromatic-com/storybook/assets[39m at [36m/addon-visual-tests-assets[39m
[11:57:34.847] [DEBUG] Serving static files from [36mpackages/docs/public[39m at [36m/[39m
[11:57:34.847] [DEBUG] Serving static files from [36mpackages/assets/src/sick2018/icons[39m at [36m/assets/sick2018[39m
[11:57:34.847] [DEBUG] Serving static files from [36mpackages/assets/src/sick2025/icons/outline[39m at [36m/assets/sick2025[39m
[11:57:34.847] [INFO] Starting...
[11:57:35.321] [DEBUG] Starting preview..
[11:57:35.664] [ERROR] Failed to build the preview
[11:57:35.667] [ERROR] [38;2;241;97;97mTypeError: Cannot read properties of undefined (reading 'reduce')[39m
    at Object.<anonymous> (file://./node_modules/.vite-temp/vite.config.ts.timestamp-1777370255334-47f25330333b88.mjs:220:41)
    at filterPlugin (file:///Users/chris/Documents/src/synergy/node_modules/.pnpm/vite@8.0.10_@types+node@25.6.0_esbuild@0.28.0_jiti@2.6.1_less@4.6.4_sass@1.99.0_terser@5.46.0_yaml@2.8.3/node_modules/vite/dist/node/chunks/node.js:34235:52)
    at Array.filter (<anonymous>)
    at resolveConfig (file:///Users/chris/Documents/src/synergy/node_modules/.pnpm/vite@8.0.10_@types+node@25.6.0_esbuild@0.28.0_jiti@2.6.1_less@4.6.4_sass@1.99.0_terser@5.46.0_yaml@2.8.3/node_modules/vite/dist/node/chunks/node.js:34241:110)
    at async _createServer (file:///Users/chris/Documents/src/synergy/node_modules/.pnpm/vite@8.0.10_@types+node@25.6.0_esbuild@0.28.0_jiti@2.6.1_less@4.6.4_sass@1.99.0_terser@5.46.0_yaml@2.8.3/node_modules/vite/dist/node/chunks/node.js:26029:65)
    at async Module.start (file:///Users/chris/Documents/src/synergy/node_modules/.pnpm/@storybook+builder-vite@10.3.5_esbuild@0.28.0_rollup@4.60.2_storybook@10.3.5_@testing-l_0b9f6927361446f8fc0f76822b2372a4/node_modules/@storybook/builder-vite/dist/index.js:1557:17)
    at async storybookDevServer (file:///Users/chris/Documents/src/synergy/node_modules/.pnpm/storybook@10.3.5_@testing-library+dom@10.4.0_prettier@3.8.3_react-dom@19.2.5_react@19.2.5__react@19.2.5/node_modules/storybook/dist/core-server/index.js:7503:83)
    at async buildOrThrow (file:///Users/chris/Documents/src/synergy/node_modules/.pnpm/storybook@10.3.5_@testing-library+dom@10.4.0_prettier@3.8.3_react-dom@19.2.5_react@19.2.5__react@19.2.5/node_modules/storybook/dist/core-server/index.js:4508:12)
    at async buildDevStandalone (file:///Users/chris/Documents/src/synergy/node_modules/.pnpm/storybook@10.3.5_@testing-library+dom@10.4.0_prettier@3.8.3_react-dom@19.2.5_react@19.2.5__react@19.2.5/node_modules/storybook/dist/core-server/index.js:8033:41)
    at async withTelemetry (file:///Users/chris/Documents/src/synergy/node_modules/.pnpm/storybook@10.3.5_@testing-library+dom@10.4.0_prettier@3.8.3_react-dom@19.2.5_react@19.2.5__react@19.2.5/node_modules/storybook/dist/_node-chunks/chunk-FIR43JGQ.js:225:12)
[11:57:35.669] [WARN] Broken build, fix the error above.
You may need to refresh the browser.